<?xml version="1.0" encoding="UTF-8"?>
<!-- Generated by org.testng.reporters.JUnitReportReporter -->
<testsuite hostname="MX-IT05709" failures="0" tests="7" name="org.Tests.TestCasesExamples" time="3.709" errors="0" timestamp="2024-07-10T17:06:49 CST" skipped="0">
  <testcase classname="org.Tests.TestCasesExamples" name="shouldGetPostsById" time="0.333"/>
  <system-out/>
  <testcase classname="org.Tests.TestCasesExamples" name="shouldGetPostsInformation" time="0.294"/>
  <system-out/>
  <testcase classname="org.Tests.TestCasesExamples" name="shouldDeleteRecordById" time="1.828"/>
  <system-out/>
  <testcase classname="org.Tests.TestCasesExamples" name="shouldPostNewRecord" time="0.284"/>
  <system-out/>
  <testcase classname="org.Tests.TestCasesExamples" name="shouldGetCommentsById" time="0.310"/>
  <system-out/>
  <testcase classname="org.Tests.TestCasesExamples" name="shouldPutInRecordById" time="0.347"/>
  <system-out/>
  <testcase classname="org.Tests.TestCasesExamples" name="shouldGetPostsCommentsInformation" time="0.313"/>
  <system-out/>
</testsuite> <!-- org.Tests.TestCasesExamples -->
